<?xml version="1.0" encoding="UTF-8"?>
<testng-results ignored="0" total="2" passed="2" failed="0" skipped="0">
  <reporter-output>
  </reporter-output>
  <suite started-at="2025-06-19T11:13:42 IST" name="Suite" finished-at="2025-06-19T11:13:59 IST" duration-ms="17002">
    <groups>
      <group name="Master">
        <method signature="TC001_AccountRegistration_Test.verify_account_register()[pri:0, instance:testCases.TC001_AccountRegistration_Test@2e1ef60]" name="verify_account_register" class="testCases.TC001_AccountRegistration_Test"/>
        <method signature="TC_002_LoginTest.verify_login()[pri:0, instance:testCases.TC_002_LoginTest@7dda48d9]" name="verify_login" class="testCases.TC_002_LoginTest"/>
      </group> <!-- Master -->
      <group name="Sanity">
        <method signature="TC_002_LoginTest.verify_login()[pri:0, instance:testCases.TC_002_LoginTest@7dda48d9]" name="verify_login" class="testCases.TC_002_LoginTest"/>
      </group> <!-- Sanity -->
      <group name="Regression">
        <method signature="TC001_AccountRegistration_Test.verify_account_register()[pri:0, instance:testCases.TC001_AccountRegistration_Test@2e1ef60]" name="verify_account_register" class="testCases.TC001_AccountRegistration_Test"/>
      </group> <!-- Regression -->
    </groups>
    <test started-at="2025-06-19T11:13:42 IST" name="Test" finished-at="2025-06-19T11:13:59 IST" duration-ms="17002">
      <class name="testCases.TC_002_LoginTest">
        <test-method is-config="true" signature="setup(java.lang.String,java.lang.String)[pri:0, instance:testCases.TC_002_LoginTest@7dda48d9]" started-at="2025-06-19T11:13:51 IST" name="setup" finished-at="2025-06-19T11:13:54 IST" duration-ms="2956" status="PASS">
          <params>
            <param index="0">
              <value>
                <![CDATA[mac]]>
              </value>
            </param>
            <param index="1">
              <value>
                <![CDATA[chrome]]>
              </value>
            </param>
          </params>
          <reporter-output>
          </reporter-output>
        </test-method> <!-- setup -->
        <test-method signature="verify_login()[pri:0, instance:testCases.TC_002_LoginTest@7dda48d9]" started-at="2025-06-19T11:13:54 IST" name="verify_login" finished-at="2025-06-19T11:13:56 IST" duration-ms="1625" status="PASS">
          <reporter-output>
          </reporter-output>
        </test-method> <!-- verify_login -->
        <test-method is-config="true" signature="tearDown()[pri:0, instance:testCases.TC_002_LoginTest@7dda48d9]" started-at="2025-06-19T11:13:56 IST" name="tearDown" finished-at="2025-06-19T11:13:59 IST" duration-ms="3185" status="PASS">
          <reporter-output>
          </reporter-output>
        </test-method> <!-- tearDown -->
      </class> <!-- testCases.TC_002_LoginTest -->
      <class name="testCases.TC001_AccountRegistration_Test">
        <test-method is-config="true" signature="setup(java.lang.String,java.lang.String)[pri:0, instance:testCases.TC001_AccountRegistration_Test@2e1ef60]" started-at="2025-06-19T11:13:42 IST" name="setup" finished-at="2025-06-19T11:13:46 IST" duration-ms="3932" status="PASS">
          <params>
            <param index="0">
              <value>
                <![CDATA[mac]]>
              </value>
            </param>
            <param index="1">
              <value>
                <![CDATA[chrome]]>
              </value>
            </param>
          </params>
          <reporter-output>
          </reporter-output>
        </test-method> <!-- setup -->
        <test-method signature="verify_account_register()[pri:0, instance:testCases.TC001_AccountRegistration_Test@2e1ef60]" started-at="2025-06-19T11:13:46 IST" name="verify_account_register" finished-at="2025-06-19T11:13:48 IST" duration-ms="2071" status="PASS">
          <reporter-output>
          </reporter-output>
        </test-method> <!-- verify_account_register -->
        <test-method is-config="true" signature="tearDown()[pri:0, instance:testCases.TC001_AccountRegistration_Test@2e1ef60]" started-at="2025-06-19T11:13:48 IST" name="tearDown" finished-at="2025-06-19T11:13:51 IST" duration-ms="3194" status="PASS">
          <reporter-output>
          </reporter-output>
        </test-method> <!-- tearDown -->
      </class> <!-- testCases.TC001_AccountRegistration_Test -->
    </test> <!-- Test -->
  </suite> <!-- Suite -->
</testng-results>
