<?xml version="1.0" encoding="UTF-8"?>
<testng-results ignored="0" total="2" passed="2" failed="0" skipped="0">
  <reporter-output>
  </reporter-output>
  <suite started-at="2025-06-18T19:17:00 IST" name="Suite" finished-at="2025-06-18T19:17:20 IST" duration-ms="20521">
    <groups>
      <group name="Master">
        <method signature="TC001_AccountRegistration_Test.verify_account_register()[pri:0, instance:testCases.TC001_AccountRegistration_Test@3c0fae6c]" name="verify_account_register" class="testCases.TC001_AccountRegistration_Test"/>
        <method signature="TC_002_LoginTest.verify_login()[pri:0, instance:testCases.TC_002_LoginTest@4fad94a7]" name="verify_login" class="testCases.TC_002_LoginTest"/>
      </group> <!-- Master -->
      <group name="Sanity">
        <method signature="TC_002_LoginTest.verify_login()[pri:0, instance:testCases.TC_002_LoginTest@4fad94a7]" name="verify_login" class="testCases.TC_002_LoginTest"/>
      </group> <!-- Sanity -->
      <group name="Regression">
        <method signature="TC001_AccountRegistration_Test.verify_account_register()[pri:0, instance:testCases.TC001_AccountRegistration_Test@3c0fae6c]" name="verify_account_register" class="testCases.TC001_AccountRegistration_Test"/>
      </group> <!-- Regression -->
    </groups>
    <test started-at="2025-06-18T19:17:00 IST" name="Test" finished-at="2025-06-18T19:17:20 IST" duration-ms="20521">
      <class name="testCases.TC_002_LoginTest">
        <test-method is-config="true" signature="setup(java.lang.String,java.lang.String)[pri:0, instance:testCases.TC_002_LoginTest@4fad94a7]" started-at="2025-06-18T19:17:11 IST" name="setup" finished-at="2025-06-18T19:17:15 IST" duration-ms="4584" status="PASS">
          <params>
            <param index="0">
              <value>
                <![CDATA[mac]]>
              </value>
            </param>
            <param index="1">
              <value>
                <![CDATA[chrome]]>
              </value>
            </param>
          </params>
          <reporter-output>
          </reporter-output>
        </test-method> <!-- setup -->
        <test-method signature="verify_login()[pri:0, instance:testCases.TC_002_LoginTest@4fad94a7]" started-at="2025-06-18T19:17:15 IST" name="verify_login" finished-at="2025-06-18T19:17:17 IST" duration-ms="1564" status="PASS">
          <reporter-output>
          </reporter-output>
        </test-method> <!-- verify_login -->
        <test-method is-config="true" signature="tearDown()[pri:0, instance:testCases.TC_002_LoginTest@4fad94a7]" started-at="2025-06-18T19:17:17 IST" name="tearDown" finished-at="2025-06-18T19:17:20 IST" duration-ms="3182" status="PASS">
          <reporter-output>
          </reporter-output>
        </test-method> <!-- tearDown -->
      </class> <!-- testCases.TC_002_LoginTest -->
      <class name="testCases.TC001_AccountRegistration_Test">
        <test-method is-config="true" signature="setup(java.lang.String,java.lang.String)[pri:0, instance:testCases.TC001_AccountRegistration_Test@3c0fae6c]" started-at="2025-06-18T19:17:00 IST" name="setup" finished-at="2025-06-18T19:17:05 IST" duration-ms="5611" status="PASS">
          <params>
            <param index="0">
              <value>
                <![CDATA[mac]]>
              </value>
            </param>
            <param index="1">
              <value>
                <![CDATA[chrome]]>
              </value>
            </param>
          </params>
          <reporter-output>
          </reporter-output>
        </test-method> <!-- setup -->
        <test-method signature="verify_account_register()[pri:0, instance:testCases.TC001_AccountRegistration_Test@3c0fae6c]" started-at="2025-06-18T19:17:05 IST" name="verify_account_register" finished-at="2025-06-18T19:17:08 IST" duration-ms="2363" status="PASS">
          <reporter-output>
          </reporter-output>
        </test-method> <!-- verify_account_register -->
        <test-method is-config="true" signature="tearDown()[pri:0, instance:testCases.TC001_AccountRegistration_Test@3c0fae6c]" started-at="2025-06-18T19:17:08 IST" name="tearDown" finished-at="2025-06-18T19:17:11 IST" duration-ms="3181" status="PASS">
          <reporter-output>
          </reporter-output>
        </test-method> <!-- tearDown -->
      </class> <!-- testCases.TC001_AccountRegistration_Test -->
    </test> <!-- Test -->
  </suite> <!-- Suite -->
</testng-results>
